TN:
SF:src/i18n.js
FNF:0
FNH:0
DA:7,1
LF:1
LH:1
BRF:0
BRH:0
end_of_record
TN:
SF:src/assets/asenay-logo.svg
FNF:0
FNH:0
LF:0
LH:0
BRF:0
BRH:0
end_of_record
TN:
SF:src/components/LanguageSwitcher.jsx
FN:6,(anonymous_0)
FN:9,(anonymous_1)
FN:14,(anonymous_2)
FN:21,(anonymous_3)
FN:31,(anonymous_4)
FN:38,(anonymous_5)
FNF:6
FNH:6
FNDA:4,(anonymous_0)
FNDA:2,(anonymous_1)
FNDA:2,(anonymous_2)
FNDA:4,(anonymous_3)
FNDA:1,(anonymous_4)
FNDA:1,(anonymous_5)
DA:4,1
DA:6,1
DA:7,4
DA:9,4
DA:10,2
DA:11,2
DA:14,4
DA:15,2
DA:16,2
DA:17,0
DA:21,4
DA:22,4
DA:23,4
DA:24,4
DA:28,4
DA:31,1
DA:38,1
LF:17
LH:16
BRDA:6,0,0,4
BRDA:16,1,0,0
BRDA:16,1,1,2
BRDA:16,2,0,2
BRDA:16,2,1,0
BRDA:22,3,0,4
BRDA:22,3,1,0
BRDA:32,4,0,2
BRDA:32,4,1,2
BRDA:39,5,0,2
BRDA:39,5,1,2
BRF:11
BRH:8
end_of_record
TN:
SF:src/components/Sidebar.jsx
FN:21,(anonymous_0)
FN:26,(anonymous_1)
FN:35,(anonymous_2)
FN:39,(anonymous_3)
FN:43,(anonymous_4)
FN:44,(anonymous_5)
FN:56,(anonymous_6)
FN:79,(anonymous_7)
FN:91,(anonymous_8)
FN:99,(anonymous_9)
FN:105,(anonymous_10)
FN:123,(anonymous_11)
FN:129,(anonymous_12)
FNF:13
FNH:7
FNDA:2,(anonymous_0)
FNDA:1,(anonymous_1)
FNDA:2,(anonymous_2)
FNDA:1,(anonymous_3)
FNDA:0,(anonymous_4)
FNDA:0,(anonymous_5)
FNDA:0,(anonymous_6)
FNDA:0,(anonymous_7)
FNDA:1,(anonymous_8)
FNDA:8,(anonymous_9)
FNDA:0,(anonymous_10)
FNDA:16,(anonymous_11)
FNDA:0,(anonymous_12)
DA:18,1
DA:19,1
DA:21,1
DA:22,2
DA:23,2
DA:26,2
DA:27,1
DA:28,1
DA:29,1
DA:30,1
DA:31,0
DA:35,2
DA:36,2
DA:39,2
DA:40,1
DA:43,2
DA:44,0
DA:47,2
DA:56,0
DA:79,0
DA:91,1
DA:100,8
DA:101,8
DA:102,8
DA:105,0
DA:124,16
DA:125,16
DA:126,16
DA:130,0
DA:131,0
LF:30
LH:23
BRDA:29,0,0,0
BRDA:29,0,1,1
BRDA:30,1,0,0
BRDA:30,1,1,1
BRDA:50,2,0,2
BRDA:50,2,1,2
BRDA:63,3,0,2
BRDA:63,3,1,0
BRDA:65,4,0,1
BRDA:65,4,1,1
BRDA:93,5,0,1
BRDA:93,5,1,1
BRDA:101,6,0,8
BRDA:101,6,1,8
BRDA:111,7,0,8
BRDA:111,7,1,4
BRDA:114,8,0,8
BRDA:114,8,1,8
BRDA:136,9,0,2
BRDA:136,9,1,14
BRDA:140,10,0,8
BRDA:140,10,1,8
BRDA:142,11,0,2
BRDA:142,11,1,14
BRDA:143,12,0,16
BRDA:143,12,1,8
BRDA:144,13,0,16
BRDA:144,13,1,2
BRDA:144,13,2,1
BRF:29
BRH:26
end_of_record
TN:
SF:src/config/sidebar.config.js
FNF:0
FNH:0
DA:3,1
LF:1
LH:1
BRF:0
BRH:0
end_of_record
TN:
SF:src/locales/ar.json
FNF:0
FNH:0
LF:0
LH:0
BRF:0
BRH:0
end_of_record
TN:
SF:src/locales/en.json
FNF:0
FNH:0
LF:0
LH:0
BRF:0
BRH:0
end_of_record
TN:
SF:src/pages/Login.jsx
FN:9,(anonymous_0)
FN:20,(anonymous_1)
FN:39,(anonymous_2)
FN:44,(anonymous_3)
FN:49,(anonymous_4)
FN:89,(anonymous_5)
FN:111,(anonymous_6)
FN:117,(anonymous_7)
FN:146,(anonymous_8)
FNF:9
FNH:5
FNDA:6,(anonymous_0)
FNDA:0,(anonymous_1)
FNDA:1,(anonymous_2)
FNDA:1,(anonymous_3)
FNDA:0,(anonymous_4)
FNDA:2,(anonymous_5)
FNDA:0,(anonymous_6)
FNDA:0,(anonymous_7)
FNDA:1,(anonymous_8)
DA:9,1
DA:10,6
DA:11,6
DA:12,6
DA:13,6
DA:14,6
DA:15,6
DA:16,6
DA:17,6
DA:18,6
DA:20,6
DA:21,0
DA:22,0
DA:24,0
DA:25,0
DA:26,0
DA:27,0
DA:29,0
DA:30,0
DA:33,0
DA:35,0
DA:39,6
DA:40,1
DA:41,1
DA:44,6
DA:45,1
DA:46,1
DA:49,6
DA:50,0
DA:51,0
DA:52,0
DA:53,0
DA:55,0
DA:56,0
DA:59,6
DA:89,2
DA:111,0
DA:117,0
DA:147,1
DA:148,0
DA:149,0
DA:151,1
DA:152,1
DA:153,1
LF:44
LH:24
BRDA:26,0,0,0
BRDA:26,0,1,0
BRDA:51,1,0,0
BRDA:51,1,1,0
BRDA:107,2,0,0
BRDA:107,2,1,6
BRDA:119,3,0,0
BRDA:119,3,1,6
BRDA:121,4,0,0
BRDA:121,4,1,6
BRDA:147,5,0,0
BRDA:147,5,1,1
BRDA:152,6,0,0
BRDA:152,6,1,1
BRDA:167,7,0,0
BRDA:167,7,1,6
BRF:16
BRH:6
end_of_record
TN:
SF:src/pages/ResetPassword.jsx
FN:9,(anonymous_0)
FN:17,(anonymous_1)
FN:53,(anonymous_2)
FN:67,(anonymous_3)
FNF:4
FNH:4
FNDA:9,(anonymous_0)
FNDA:2,(anonymous_1)
FNDA:2,(anonymous_2)
FNDA:2,(anonymous_3)
DA:7,1
DA:9,1
DA:10,9
DA:11,9
DA:12,9
DA:13,9
DA:14,9
DA:15,9
DA:17,9
DA:18,2
DA:19,2
DA:20,0
DA:21,0
DA:23,2
DA:24,1
DA:25,1
DA:27,1
DA:28,1
DA:29,1
DA:30,1
DA:31,0
DA:32,0
DA:34,1
DA:35,1
DA:38,9
DA:53,2
DA:67,2
LF:27
LH:23
BRDA:19,0,0,0
BRDA:19,0,1,2
BRDA:19,1,0,2
BRDA:19,1,1,2
BRDA:23,2,0,1
BRDA:23,2,1,1
BRDA:30,3,0,0
BRDA:30,3,1,1
BRDA:31,4,0,0
BRDA:31,4,1,0
BRDA:76,5,0,1
BRDA:76,5,1,7
BRF:12
BRH:8
end_of_record
